2023-10-30 18:35:05,601 [INFO ] com.org.ttp.glue.CommonStep [main] Class:CommonStep--Method:beforeScenario()--started
2023-10-30 18:35:05,610 [INFO ] com.org.ttp.glue.CommonStep [main] Class:Utils--Method:loadProperties()--called
2023-10-30 18:35:05,610 [INFO ] com.org.ttp.utils.Utils [main] Class:Utils--Method:loadProperties()--started
2023-10-30 18:35:05,611 [INFO ] com.org.ttp.utils.Utils [main] Class:Utils--Method:loadProperties()--ended
2023-10-30 18:35:05,611 [INFO ] com.org.ttp.glue.CommonStep [main] Class:Utils--Method:loadProperties()--call ended
2023-10-30 18:35:05,611 [INFO ] com.org.ttp.glue.CommonStep [main] Class:DriverManager--Method:launchBrowser()--called
2023-10-30 18:35:05,612 [INFO ] com.org.ttp.utils.DriverManager [main] Class:DriverManager--Method:launchBrowser()--called
2023-10-30 18:35:07,561 [INFO ] com.org.ttp.utils.DriverManager [main] Class:DriverManager--Method:launchBrowser()--ended
2023-10-30 18:35:07,561 [INFO ] com.org.ttp.glue.CommonStep [main] Class:DriverManager--Method:launchBrowser()--call ended
2023-10-30 18:35:08,707 [INFO ] com.org.ttp.glue.CommonStep [main] Class:AllConstants.TTFormTestData--Method:setObjectValue()--called
2023-10-30 18:35:09,285 [INFO ] com.org.ttp.glue.CommonStep [main] Class:AllConstants.TTFormTestData--Method:setObjectValue()--call ended
2023-10-30 18:35:09,285 [INFO ] com.org.ttp.glue.CommonStep [main] Class:CommonStep--Method:beforeScenario()--ended
2023-10-30 18:35:09,444 [INFO ] com.org.ttp.glue.ValidateTTFormStep [main] Class:ValidateTTFormStep--Method:enterAllValues()--started
2023-10-30 18:35:09,444 [INFO ] com.org.ttp.pageobject.ValidateTTFormPage [main] Class:ValidateTTFormPage--Method:fillForm()--started
2023-10-30 18:35:13,900 [INFO ] com.org.ttp.pageobject.ValidateTTFormPage [main] Class:ValidateTTFormPage--Method:fillForm()--ended
2023-10-30 18:35:13,900 [INFO ] com.org.ttp.glue.ValidateTTFormStep [main] Class:ValidateTTFormStep--Method:enterAllValues()--ended
2023-10-30 18:36:26,321 [INFO ] com.org.ttp.glue.CommonStep [main] Class:CommonStep--Method:beforeScenario()--started
2023-10-30 18:36:26,334 [INFO ] com.org.ttp.glue.CommonStep [main] Class:Utils--Method:loadProperties()--called
2023-10-30 18:36:26,335 [INFO ] com.org.ttp.utils.Utils [main] Class:Utils--Method:loadProperties()--started
2023-10-30 18:36:26,335 [INFO ] com.org.ttp.utils.Utils [main] Class:Utils--Method:loadProperties()--ended
2023-10-30 18:36:26,335 [INFO ] com.org.ttp.glue.CommonStep [main] Class:Utils--Method:loadProperties()--call ended
2023-10-30 18:36:26,335 [INFO ] com.org.ttp.glue.CommonStep [main] Class:DriverManager--Method:launchBrowser()--called
2023-10-30 18:36:26,336 [INFO ] com.org.ttp.utils.DriverManager [main] Class:DriverManager--Method:launchBrowser()--called
2023-10-30 18:36:29,879 [INFO ] com.org.ttp.utils.DriverManager [main] Class:DriverManager--Method:launchBrowser()--ended
2023-10-30 18:36:29,880 [INFO ] com.org.ttp.glue.CommonStep [main] Class:DriverManager--Method:launchBrowser()--call ended
2023-10-30 18:36:31,124 [INFO ] com.org.ttp.glue.CommonStep [main] Class:AllConstants.TTFormTestData--Method:setObjectValue()--called
2023-10-30 18:36:31,791 [INFO ] com.org.ttp.glue.CommonStep [main] Class:AllConstants.TTFormTestData--Method:setObjectValue()--call ended
2023-10-30 18:36:31,791 [INFO ] com.org.ttp.glue.CommonStep [main] Class:CommonStep--Method:beforeScenario()--ended
2023-10-30 18:36:31,974 [INFO ] com.org.ttp.glue.ValidateTTFormStep [main] Class:ValidateTTFormStep--Method:enterAllValues()--started
2023-10-30 18:36:31,974 [INFO ] com.org.ttp.pageobject.ValidateTTFormPage [main] Class:ValidateTTFormPage--Method:fillForm()--started
2023-10-30 18:43:50,011 [INFO ] com.org.ttp.glue.CommonStep [main] Class:CommonStep--Method:beforeScenario()--started
2023-10-30 18:43:50,020 [INFO ] com.org.ttp.glue.CommonStep [main] Class:Utils--Method:loadProperties()--called
2023-10-30 18:43:50,021 [INFO ] com.org.ttp.utils.Utils [main] Class:Utils--Method:loadProperties()--started
2023-10-30 18:43:50,021 [INFO ] com.org.ttp.utils.Utils [main] Class:Utils--Method:loadProperties()--ended
2023-10-30 18:43:50,021 [INFO ] com.org.ttp.glue.CommonStep [main] Class:Utils--Method:loadProperties()--call ended
2023-10-30 18:43:50,022 [INFO ] com.org.ttp.glue.CommonStep [main] Class:DriverManager--Method:launchBrowser()--called
2023-10-30 18:43:50,022 [INFO ] com.org.ttp.utils.DriverManager [main] Class:DriverManager--Method:launchBrowser()--called
2023-10-30 18:43:53,327 [INFO ] com.org.ttp.utils.DriverManager [main] Class:DriverManager--Method:launchBrowser()--ended
2023-10-30 18:43:53,327 [INFO ] com.org.ttp.glue.CommonStep [main] Class:DriverManager--Method:launchBrowser()--call ended
2023-10-30 18:43:54,530 [INFO ] com.org.ttp.glue.CommonStep [main] Class:AllConstants.TTFormTestData--Method:setObjectValue()--called
2023-10-30 18:43:55,086 [INFO ] com.org.ttp.glue.CommonStep [main] Class:AllConstants.TTFormTestData--Method:setObjectValue()--call ended
2023-10-30 18:43:55,086 [INFO ] com.org.ttp.glue.CommonStep [main] Class:CommonStep--Method:beforeScenario()--ended
2023-10-30 18:43:55,256 [INFO ] com.org.ttp.glue.ValidateTTFormStep [main] Class:ValidateTTFormStep--Method:enterAllValues()--started
2023-10-30 18:43:55,256 [INFO ] com.org.ttp.pageobject.ValidateTTFormPage [main] Class:ValidateTTFormPage--Method:fillForm()--started
2023-10-30 18:46:27,561 [INFO ] com.org.ttp.glue.CommonStep [main] Class:CommonStep--Method:beforeScenario()--started
2023-10-30 18:46:27,572 [INFO ] com.org.ttp.glue.CommonStep [main] Class:Utils--Method:loadProperties()--called
2023-10-30 18:46:27,572 [INFO ] com.org.ttp.utils.Utils [main] Class:Utils--Method:loadProperties()--started
2023-10-30 18:46:27,572 [INFO ] com.org.ttp.utils.Utils [main] Class:Utils--Method:loadProperties()--ended
2023-10-30 18:46:27,572 [INFO ] com.org.ttp.glue.CommonStep [main] Class:Utils--Method:loadProperties()--call ended
2023-10-30 18:46:27,573 [INFO ] com.org.ttp.glue.CommonStep [main] Class:DriverManager--Method:launchBrowser()--called
2023-10-30 18:46:27,573 [INFO ] com.org.ttp.utils.DriverManager [main] Class:DriverManager--Method:launchBrowser()--called
2023-10-30 18:46:30,981 [INFO ] com.org.ttp.utils.DriverManager [main] Class:DriverManager--Method:launchBrowser()--ended
2023-10-30 18:46:30,981 [INFO ] com.org.ttp.glue.CommonStep [main] Class:DriverManager--Method:launchBrowser()--call ended
2023-10-30 18:46:32,168 [INFO ] com.org.ttp.glue.CommonStep [main] Class:AllConstants.TTFormTestData--Method:setObjectValue()--called
2023-10-30 18:46:32,713 [INFO ] com.org.ttp.glue.CommonStep [main] Class:AllConstants.TTFormTestData--Method:setObjectValue()--call ended
2023-10-30 18:46:32,713 [INFO ] com.org.ttp.glue.CommonStep [main] Class:CommonStep--Method:beforeScenario()--ended
2023-10-30 18:46:32,882 [INFO ] com.org.ttp.glue.ValidateTTFormStep [main] Class:ValidateTTFormStep--Method:enterAllValues()--started
2023-10-30 18:46:32,882 [INFO ] com.org.ttp.pageobject.ValidateTTFormPage [main] Class:ValidateTTFormPage--Method:fillForm()--started
2023-10-30 18:48:01,272 [INFO ] com.org.ttp.glue.CommonStep [main] Class:CommonStep--Method:beforeScenario()--started
2023-10-30 18:48:01,286 [INFO ] com.org.ttp.glue.CommonStep [main] Class:Utils--Method:loadProperties()--called
2023-10-30 18:48:01,286 [INFO ] com.org.ttp.utils.Utils [main] Class:Utils--Method:loadProperties()--started
2023-10-30 18:50:16,499 [INFO ] com.org.ttp.utils.Utils [main] Class:Utils--Method:loadProperties()--ended
2023-10-30 18:50:16,499 [INFO ] com.org.ttp.glue.CommonStep [main] Class:Utils--Method:loadProperties()--call ended
2023-10-30 18:50:16,499 [INFO ] com.org.ttp.glue.CommonStep [main] Class:DriverManager--Method:launchBrowser()--called
2023-10-30 18:50:16,500 [INFO ] com.org.ttp.utils.DriverManager [main] Class:DriverManager--Method:launchBrowser()--called
2023-10-30 18:51:13,550 [INFO ] com.org.ttp.glue.CommonStep [main] Class:CommonStep--Method:beforeScenario()--started
2023-10-30 18:51:13,563 [INFO ] com.org.ttp.glue.CommonStep [main] Class:Utils--Method:loadProperties()--called
2023-10-30 18:51:13,563 [INFO ] com.org.ttp.utils.Utils [main] Class:Utils--Method:loadProperties()--started
2023-10-30 18:51:38,334 [INFO ] com.org.ttp.utils.Utils [main] Class:Utils--Method:loadProperties()--ended
2023-10-30 18:51:50,892 [INFO ] com.org.ttp.glue.CommonStep [main] Class:Utils--Method:loadProperties()--call ended
2023-10-30 18:51:50,892 [INFO ] com.org.ttp.glue.CommonStep [main] Class:DriverManager--Method:launchBrowser()--called
2023-10-30 18:51:50,895 [INFO ] com.org.ttp.utils.DriverManager [main] Class:DriverManager--Method:launchBrowser()--called
2023-10-30 18:51:59,270 [INFO ] com.org.ttp.utils.DriverManager [main] Class:DriverManager--Method:launchBrowser()--ended
2023-10-30 18:51:59,271 [INFO ] com.org.ttp.glue.CommonStep [main] Class:DriverManager--Method:launchBrowser()--call ended
2023-10-30 18:52:00,512 [INFO ] com.org.ttp.glue.CommonStep [main] Class:AllConstants.TTFormTestData--Method:setObjectValue()--called
2023-10-30 18:52:05,635 [INFO ] com.org.ttp.glue.CommonStep [main] Class:AllConstants.TTFormTestData--Method:setObjectValue()--call ended
2023-10-30 18:52:05,635 [INFO ] com.org.ttp.glue.CommonStep [main] Class:CommonStep--Method:beforeScenario()--ended
2023-10-30 18:52:05,855 [INFO ] com.org.ttp.glue.ValidateTTFormStep [main] Class:ValidateTTFormStep--Method:enterAllValues()--started
2023-10-30 18:52:05,855 [INFO ] com.org.ttp.pageobject.ValidateTTFormPage [main] Class:ValidateTTFormPage--Method:fillForm()--started
2023-10-30 18:53:09,754 [INFO ] com.org.ttp.glue.CommonStep [main] Class:CommonStep--Method:beforeScenario()--started
2023-10-30 18:53:09,762 [INFO ] com.org.ttp.glue.CommonStep [main] Class:Utils--Method:loadProperties()--called
2023-10-30 18:53:09,762 [INFO ] com.org.ttp.utils.Utils [main] Class:Utils--Method:loadProperties()--started
2023-10-30 18:53:09,764 [INFO ] com.org.ttp.utils.Utils [main] Class:Utils--Method:loadProperties()--ended
2023-10-30 18:53:09,764 [INFO ] com.org.ttp.glue.CommonStep [main] Class:Utils--Method:loadProperties()--call ended
2023-10-30 18:53:09,764 [INFO ] com.org.ttp.glue.CommonStep [main] Class:DriverManager--Method:launchBrowser()--called
2023-10-30 18:53:09,764 [INFO ] com.org.ttp.utils.DriverManager [main] Class:DriverManager--Method:launchBrowser()--called
2023-10-30 18:53:12,991 [INFO ] com.org.ttp.utils.DriverManager [main] Class:DriverManager--Method:launchBrowser()--ended
2023-10-30 18:53:12,991 [INFO ] com.org.ttp.glue.CommonStep [main] Class:DriverManager--Method:launchBrowser()--call ended
2023-10-30 18:53:14,231 [INFO ] com.org.ttp.glue.CommonStep [main] Class:AllConstants.TTFormTestData--Method:setObjectValue()--called
2023-10-30 18:53:14,718 [INFO ] com.org.ttp.glue.CommonStep [main] Class:AllConstants.TTFormTestData--Method:setObjectValue()--call ended
2023-10-30 18:53:14,718 [INFO ] com.org.ttp.glue.CommonStep [main] Class:CommonStep--Method:beforeScenario()--ended
2023-10-30 18:53:14,877 [INFO ] com.org.ttp.glue.ValidateTTFormStep [main] Class:ValidateTTFormStep--Method:enterAllValues()--started
2023-10-30 18:53:14,877 [INFO ] com.org.ttp.pageobject.ValidateTTFormPage [main] Class:ValidateTTFormPage--Method:fillForm()--started
2023-10-30 18:53:27,645 [INFO ] com.org.ttp.pageobject.ValidateTTFormPage [main] Class:ValidateTTFormPage--Method:fillForm()--ended
2023-10-30 18:53:27,645 [INFO ] com.org.ttp.glue.ValidateTTFormStep [main] Class:ValidateTTFormStep--Method:enterAllValues()--ended
